-------------------------------------------------------------------------------
Test set: ru.practikum.OrderTest
-------------------------------------------------------------------------------
Tests run: 4, Failures: 1, Errors: 0, Skipped: 0, Time elapsed: 7.739 s <<< FAILURE! - in ru.practikum.OrderTest
createOrderWithoutTokenReturnsStatusCode401(ru.practikum.OrderTest)  Time elapsed: 1.66 s  <<< FAILURE!
java.lang.AssertionError: Incorrect status code expected:<401> but was:<200>
	at ru.practikum.OrderTest.createOrderWithoutTokenReturnsStatusCode401(OrderTest.java:96)

