<?xml version="1.0" encoding="UTF-8"?>
<testsuite xmlns:xsi="http://www.w3.org/2001/XMLSchema-instance" xsi:noNamespaceSchemaLocation="https://maven.apache.org/surefire/maven-surefire-plugin/xsd/surefire-test-report.xsd" name="ru.practikum.UserLoginTest" time="3.416" tests="3" errors="0" skipped="0" failures="0">
  <properties>
[...]
</properties>
  <testcase name="loginUserWithIncorrectEmailReturnsStatusCode401" classname="ru.practikum.UserLoginTest" time="1.043"/>
  <testcase name="loginUserWithCorrectDataReturnsStatusCode200" classname="ru.practikum.UserLoginTest" time="1.14"/>
  <testcase name="loginUserWithIncorrectPasswordReturnsStatusCode401" classname="ru.practikum.UserLoginTest" time="1.226"/>
</testsuite>